  test.cpp
C:\Users\yura\Desktop\sfmlGuiElements\GalGui\include\GalGui\GuiElement.hpp(70,73): warning C4244: 'argument': conversion from 'unsigned int' to 'T', possible loss of data
          with
          [
              T=float
          ]
C:\Users\yura\Desktop\sfmlGuiElements\GalGui\include\GalGui\GuiElement.hpp(70,55): warning C4244: 'argument': conversion from 'unsigned int' to 'T', possible loss of data
          with
          [
              T=float
          ]
C:\Users\yura\Desktop\sfmlGuiElements\GalGui\include\GalGui\TextButton.hpp(98,36): warning C4244: 'argument': conversion from 'T' to 'unsigned int', possible loss of data
          with
          [
              T=float
          ]
  Generating code
  334 of 450 functions (74.2%) were compiled, the rest were copied from previous compilation.
    282 functions were new in current compilation
    29 functions had inline decision re-evaluated but remain unchanged
  Finished generating code
  FightingGame.vcxproj -> C:\Users\yura\Desktop\sfmlGuiElements\x64\Release\FightingGame.exe
